<?xml version="1.0" encoding="UTF-8"?>
<!-- Generated by org.testng.reporters.JUnitXMLReporter -->
<testsuite ignored="0" hostname="DESKTOP-PL2KKMG" failures="0" tests="3" name="Default test" time="0.093" errors="0" timestamp="2020-07-16T10:42:27 IST">
  <testcase classname="module6.Annotations" name="Test1" time="0.01"/>
  <testcase classname="module6.Annotations" name="Test2" time="0.009"/>
  <testcase classname="module6.Annotations" name="Test3" time="0.007"/>
</testsuite> <!-- Default test -->
