<?xml version="1.0" encoding="UTF-8"?>
<!-- Generated by org.testng.reporters.JUnitXMLReporter -->
<testsuite hostname="LHTU05CG6272CN0" ignored="0" name="Default test" tests="3" failures="0" timestamp="29 May 2020 06:28:03 GMT" time="0.056" errors="0">
  <testcase name="Test1" time="0.006" classname="module6.Annotations"/>
  <testcase name="Test2" time="0.002" classname="module6.Annotations"/>
  <testcase name="Test3" time="0.007" classname="module6.Annotations"/>
</testsuite> <!-- Default test -->
