<?xml version="1.0" encoding="UTF-8"?>
<testng-results skipped="0" failed="0" ignored="0" total="3" passed="3">
  <reporter-output>
  </reporter-output>
  <suite name="Default suite" duration-ms="69" started-at="2020-06-02T10:42:43Z" finished-at="2020-06-02T10:42:43Z">
    <groups>
    </groups>
    <test name="Default test" duration-ms="69" started-at="2020-06-02T10:42:43Z" finished-at="2020-06-02T10:42:43Z">
      <class name="module6.Annotations">
        <test-method status="PASS" signature="beforeSuite()[pri:0, instance:module6.Annotations@457e2f02]" name="beforeSuite" is-config="true" duration-ms="16" started-at="2020-06-02T16:12:43Z" finished-at="2020-06-02T16:12:43Z">
          <reporter-output>
          </reporter-output>
        </test-method> <!-- beforeSuite -->
        <test-method status="PASS" signature="beforeTest()[pri:0, instance:module6.Annotations@457e2f02]" name="beforeTest" is-config="true" duration-ms="4" started-at="2020-06-02T16:12:43Z" finished-at="2020-06-02T16:12:43Z">
          <reporter-output>
          </reporter-output>
        </test-method> <!-- beforeTest -->
        <test-method status="PASS" signature="beforeClass()[pri:0, instance:module6.Annotations@457e2f02]" name="beforeClass" is-config="true" duration-ms="0" started-at="2020-06-02T16:12:43Z" finished-at="2020-06-02T16:12:43Z">
          <reporter-output>
          </reporter-output>
        </test-method> <!-- beforeClass -->
        <test-method status="PASS" signature="Test1()[pri:0, instance:module6.Annotations@457e2f02]" name="Test1" duration-ms="8" started-at="2020-06-02T16:12:43Z" finished-at="2020-06-02T16:12:43Z">
          <reporter-output>
          </reporter-output>
        </test-method> <!-- Test1 -->
        <test-method status="PASS" signature="beforeMethod()[pri:0, instance:module6.Annotations@457e2f02]" name="beforeMethod" is-config="true" duration-ms="0" started-at="2020-06-02T16:12:43Z" finished-at="2020-06-02T16:12:43Z">
          <reporter-output>
          </reporter-output>
        </test-method> <!-- beforeMethod -->
        <test-method status="PASS" signature="beforeMethod()[pri:0, instance:module6.Annotations@457e2f02]" name="beforeMethod" is-config="true" duration-ms="0" started-at="2020-06-02T16:12:43Z" finished-at="2020-06-02T16:12:43Z">
          <reporter-output>
          </reporter-output>
        </test-method> <!-- beforeMethod -->
        <test-method status="PASS" signature="afterMethod()[pri:0, instance:module6.Annotations@457e2f02]" name="afterMethod" is-config="true" duration-ms="0" started-at="2020-06-02T16:12:43Z" finished-at="2020-06-02T16:12:43Z">
          <reporter-output>
          </reporter-output>
        </test-method> <!-- afterMethod -->
        <test-method status="PASS" signature="Test2()[pri:0, instance:module6.Annotations@457e2f02]" name="Test2" duration-ms="4" started-at="2020-06-02T16:12:43Z" finished-at="2020-06-02T16:12:43Z">
          <reporter-output>
          </reporter-output>
        </test-method> <!-- Test2 -->
        <test-method status="PASS" signature="afterMethod()[pri:0, instance:module6.Annotations@457e2f02]" name="afterMethod" is-config="true" duration-ms="0" started-at="2020-06-02T16:12:43Z" finished-at="2020-06-02T16:12:43Z">
          <reporter-output>
          </reporter-output>
        </test-method> <!-- afterMethod -->
        <test-method status="PASS" signature="Test3()[pri:0, instance:module6.Annotations@457e2f02]" name="Test3" duration-ms="4" started-at="2020-06-02T16:12:43Z" finished-at="2020-06-02T16:12:43Z">
          <reporter-output>
          </reporter-output>
        </test-method> <!-- Test3 -->
        <test-method status="PASS" signature="beforeMethod()[pri:0, instance:module6.Annotations@457e2f02]" name="beforeMethod" is-config="true" duration-ms="0" started-at="2020-06-02T16:12:43Z" finished-at="2020-06-02T16:12:43Z">
          <reporter-output>
          </reporter-output>
        </test-method> <!-- beforeMethod -->
        <test-method status="PASS" signature="afterMethod()[pri:0, instance:module6.Annotations@457e2f02]" name="afterMethod" is-config="true" duration-ms="0" started-at="2020-06-02T16:12:43Z" finished-at="2020-06-02T16:12:43Z">
          <reporter-output>
          </reporter-output>
        </test-method> <!-- afterMethod -->
        <test-method status="PASS" signature="afterClass()[pri:0, instance:module6.Annotations@457e2f02]" name="afterClass" is-config="true" duration-ms="0" started-at="2020-06-02T16:12:43Z" finished-at="2020-06-02T16:12:43Z">
          <reporter-output>
          </reporter-output>
        </test-method> <!-- afterClass -->
        <test-method status="PASS" signature="afterTest()[pri:0, instance:module6.Annotations@457e2f02]" name="afterTest" is-config="true" duration-ms="0" started-at="2020-06-02T16:12:43Z" finished-at="2020-06-02T16:12:43Z">
          <reporter-output>
          </reporter-output>
        </test-method> <!-- afterTest -->
        <test-method status="PASS" signature="afterSuite()[pri:0, instance:module6.Annotations@457e2f02]" name="afterSuite" is-config="true" duration-ms="0" started-at="2020-06-02T16:12:44Z" finished-at="2020-06-02T16:12:44Z">
          <reporter-output>
          </reporter-output>
        </test-method> <!-- afterSuite -->
      </class> <!-- module6.Annotations -->
    </test> <!-- Default test -->
  </suite> <!-- Default suite -->
</testng-results>
