<?xml version="1.0" encoding="UTF-8"?>
<testng-results skipped="0" failed="0" ignored="0" total="2" passed="2">
  <reporter-output>
  </reporter-output>
  <suite name="Default suite" duration-ms="2806" started-at="2020-04-26T11:20:51Z" finished-at="2020-04-26T11:20:54Z">
    <groups>
    </groups>
    <test name="Default test" duration-ms="2806" started-at="2020-04-26T11:20:51Z" finished-at="2020-04-26T11:20:54Z">
      <class name="com.qa.tests.GetAPITest">
        <test-method status="PASS" signature="setUp()[pri:0, instance:com.qa.tests.GetAPITest@5d5eef3d]" name="setUp" is-config="true" duration-ms="7" started-at="2020-04-26T16:50:51Z" finished-at="2020-04-26T16:50:51Z">
          <reporter-output>
          </reporter-output>
        </test-method> <!-- setUp -->
        <test-method status="PASS" signature="getAPITestWithoutHeaders()[pri:1, instance:com.qa.tests.GetAPITest@5d5eef3d]" name="getAPITestWithoutHeaders" duration-ms="1865" started-at="2020-04-26T16:50:51Z" finished-at="2020-04-26T16:50:53Z">
          <reporter-output>
          </reporter-output>
        </test-method> <!-- getAPITestWithoutHeaders -->
        <test-method status="PASS" signature="setUp()[pri:0, instance:com.qa.tests.GetAPITest@5d5eef3d]" name="setUp" is-config="true" duration-ms="1" started-at="2020-04-26T16:50:53Z" finished-at="2020-04-26T16:50:53Z">
          <reporter-output>
          </reporter-output>
        </test-method> <!-- setUp -->
        <test-method status="PASS" signature="getAPITestWithHeaders()[pri:2, instance:com.qa.tests.GetAPITest@5d5eef3d]" name="getAPITestWithHeaders" duration-ms="902" started-at="2020-04-26T16:50:53Z" finished-at="2020-04-26T16:50:54Z">
          <reporter-output>
          </reporter-output>
        </test-method> <!-- getAPITestWithHeaders -->
      </class> <!-- com.qa.tests.GetAPITest -->
    </test> <!-- Default test -->
  </suite> <!-- Default suite -->
</testng-results>
