<?xml version="1.0" encoding="UTF-8"?>
<!-- Generated by org.testng.reporters.JUnitXMLReporter -->
<testsuite ignored="0" hostname="DESKTOP-PL2KKMG" failures="1" tests="1" name="Pom_Cucumber" time="11.853" errors="0" timestamp="21 Jun 2020 15:18:02 GMT">
  <testcase classname="com.qa.runner.TestRunner" name="feature" time="11.228">
    <failure type="cucumber.runtime.CucumberException" message="java.lang.NullPointerException">
      <![CDATA[cucumber.runtime.CucumberException: java.lang.NullPointerException
at cucumber.api.testng.TestNGCucumberRunner.runCucumber(TestNGCucumberRunner.java:69)
at com.qa.runner.TestRunner.feature(TestRunner.java:36)
Caused by: java.lang.NullPointerException
at org.openqa.selenium.support.pagefactory.DefaultElementLocator.findElement(DefaultElementLocator.java:69)
at org.openqa.selenium.support.pagefactory.internal.LocatingElementHandler.invoke(LocatingElementHandler.java:38)
at com.sun.proxy.$Proxy21.click(Unknown Source)
at com.qa.pages.LoginPage.login(LoginPage.java:60)
at com.qa.StepDefinition.HomepageSteps.submit_username_and_password(HomepageSteps.java:44)
at ✽.Then Submit username and password(C:/Users/User/Desktop/git/newautomation-normal/Pom_Cucumber/src/main/java/com/qa/feature/login.feature:7)
... Removed 25 stack frames]]>
    </failure>
  </testcase> <!-- feature -->
</testsuite> <!-- Pom_Cucumber -->
